<?xml version="1.0" encoding="UTF-8"?>
<!-- Generated by org.testng.reporters.JUnitXMLReporter -->
<testsuite ignored="0" hostname="LapTop" failures="0" tests="3" name="HomePageTestcases" time="4.213" errors="0" timestamp="2025-04-04T04:38:52 IST">
  <testcase classname="com.CRM.Testcases.HomePageTestcases" name="vrifyUrl" time="0.01"/>
  <testcase classname="com.CRM.Testcases.HomePageTestcases" name="vrifyTitle" time="0.008"/>
  <testcase classname="com.CRM.Testcases.HomePageTestcases" name="validateSighinLink" time="0.881"/>
</testsuite> <!-- HomePageTestcases -->
