<?xml version="1.0" encoding="UTF-8"?>
<testng-results ignored="0" total="4" passed="4" failed="0" skipped="0">
  <reporter-output>
  </reporter-output>
  <suite started-at="2025-04-04T04:38:48 IST" name="Suite" finished-at="2025-04-04T04:38:56 IST" duration-ms="8110">
    <groups>
    </groups>
    <test started-at="2025-04-04T04:38:48 IST" name="HomePageTestcases" finished-at="2025-04-04T04:38:52 IST" duration-ms="4213">
      <class name="com.CRM.Testcases.HomePageTestcases">
        <test-method is-config="true" signature="setUp()[pri:0, instance:com.CRM.Testcases.HomePageTestcases@42a48628]" started-at="2025-04-04T04:38:48 IST" name="setUp" finished-at="2025-04-04T04:38:51 IST" duration-ms="3262" status="PASS">
          <reporter-output>
          </reporter-output>
        </test-method> <!-- setUp -->
        <test-method signature="vrifyUrl()[pri:1, instance:com.CRM.Testcases.HomePageTestcases@42a48628]" started-at="2025-04-04T04:38:51 IST" name="vrifyUrl" finished-at="2025-04-04T04:38:51 IST" duration-ms="10" status="PASS">
          <reporter-output>
          </reporter-output>
        </test-method> <!-- vrifyUrl -->
        <test-method signature="vrifyTitle()[pri:2, instance:com.CRM.Testcases.HomePageTestcases@42a48628]" started-at="2025-04-04T04:38:51 IST" name="vrifyTitle" finished-at="2025-04-04T04:38:51 IST" duration-ms="8" status="PASS">
          <reporter-output>
          </reporter-output>
        </test-method> <!-- vrifyTitle -->
        <test-method signature="validateSighinLink()[pri:3, instance:com.CRM.Testcases.HomePageTestcases@42a48628]" started-at="2025-04-04T04:38:51 IST" name="validateSighinLink" finished-at="2025-04-04T04:38:52 IST" duration-ms="881" status="PASS">
          <reporter-output>
          </reporter-output>
        </test-method> <!-- validateSighinLink -->
      </class> <!-- com.CRM.Testcases.HomePageTestcases -->
    </test> <!-- HomePageTestcases -->
    <test started-at="2025-04-04T04:38:52 IST" name="loginPageTestcases" finished-at="2025-04-04T04:38:56 IST" duration-ms="3862">
      <class name="com.CRM.Testcases.LoginPageTestcases">
        <test-method is-config="true" signature="setUp()[pri:0, instance:com.CRM.Testcases.LoginPageTestcases@5bf0d49]" started-at="2025-04-04T04:38:52 IST" name="setUp" finished-at="2025-04-04T04:38:54 IST" duration-ms="2302" status="PASS">
          <reporter-output>
          </reporter-output>
        </test-method> <!-- setUp -->
        <test-method is-config="true" signature="pageSetup()[pri:0, instance:com.CRM.Testcases.LoginPageTestcases@5bf0d49]" started-at="2025-04-04T04:38:54 IST" name="pageSetup" finished-at="2025-04-04T04:38:55 IST" duration-ms="940" status="PASS">
          <reporter-output>
          </reporter-output>
        </test-method> <!-- pageSetup -->
        <test-method signature="validateLogin()[pri:0, instance:com.CRM.Testcases.LoginPageTestcases@5bf0d49]" started-at="2025-04-04T04:38:55 IST" name="validateLogin" finished-at="2025-04-04T04:38:56 IST" duration-ms="620" status="PASS">
          <reporter-output>
          </reporter-output>
        </test-method> <!-- validateLogin -->
      </class> <!-- com.CRM.Testcases.LoginPageTestcases -->
    </test> <!-- loginPageTestcases -->
  </suite> <!-- Suite -->
</testng-results>
