<?xml version="1.0" encoding="UTF-8"?>
<testsuite xmlns:xsi="http://www.w3.org/2001/XMLSchema-instance" xsi:noNamespaceSchemaLocation="https://maven.apache.org/surefire/maven-surefire-plugin/xsd/surefire-test-report.xsd" version="3.0.2" name="TestSuite" time="8.615" tests="4" errors="0" skipped="0" failures="0">
  <properties>
[...]
</properties>
  <testcase name="vrifyUrl" classname="com.CRM.Testcases.HomePageTestcases" time="0.012">
    <system-out><![CDATA[Test passed: Url matched
]]></system-out>
    <system-err><![CDATA[SLF4J(W): No SLF4J providers were found.
SLF4J(W): Defaulting to no-operation (NOP) logger implementation
SLF4J(W): See https://www.slf4j.org/codes.html#noProviders for further details.
Ability to run JUnit tests via TestNG was deprecated in v7.7.0 and is NOW being removed permanently. If you would like to run a mixture of TestNG and JUnit tests then please take a look at  https://github.com/junit-team/testng-engine which is now maintained by the JUnit team
Ability to run JUnit tests via TestNG was deprecated in v7.7.0 and is NOW being removed permanently. If you would like to run a mixture of TestNG and JUnit tests then please take a look at  https://github.com/junit-team/testng-engine which is now maintained by the JUnit team
Ability to run JUnit tests via TestNG was deprecated in v7.7.0 and is NOW being removed permanently. If you would like to run a mixture of TestNG and JUnit tests then please take a look at  https://github.com/junit-team/testng-engine which is now maintained by the JUnit team
]]></system-err>
  </testcase>
  <testcase name="vrifyTitle" classname="com.CRM.Testcases.HomePageTestcases" time="0.015">
    <system-out><![CDATA[Test passed: Title is matched
]]></system-out>
  </testcase>
  <testcase name="validateSighinLink" classname="com.CRM.Testcases.HomePageTestcases" time="0.881">
    <system-out><![CDATA[Test Passed! Application vavigate to login page
]]></system-out>
  </testcase>
  <testcase name="validateLogin" classname="com.CRM.Testcases.LoginPageTestcases" time="0.619">
    <system-out><![CDATA[Test Pass: Login completed!
]]></system-out>
  </testcase>
</testsuite>