<?xml version="1.0" encoding="UTF-8"?>
<testng-results ignored="0" total="1" passed="1" failed="0" skipped="0">
  <reporter-output>
  </reporter-output>
  <suite started-at="2025-04-04T04:07:47 IST" name="Default suite" finished-at="2025-04-04T04:07:51 IST" duration-ms="4276">
    <groups>
    </groups>
    <test started-at="2025-04-04T04:07:47 IST" name="Default test" finished-at="2025-04-04T04:07:51 IST" duration-ms="4276">
      <class name="com.CRM.Testcases.LoginPageTestcases">
        <test-method is-config="true" signature="setUp()[pri:0, instance:com.CRM.Testcases.LoginPageTestcases@37ceb1df]" started-at="2025-04-04T04:07:47 IST" name="setUp" finished-at="2025-04-04T04:07:49 IST" duration-ms="2710" status="PASS">
          <reporter-output>
          </reporter-output>
        </test-method> <!-- setUp -->
        <test-method is-config="true" signature="pageSetup()[pri:0, instance:com.CRM.Testcases.LoginPageTestcases@37ceb1df]" started-at="2025-04-04T04:07:49 IST" name="pageSetup" finished-at="2025-04-04T04:07:50 IST" duration-ms="946" status="PASS">
          <reporter-output>
          </reporter-output>
        </test-method> <!-- pageSetup -->
        <test-method signature="validateLogin()[pri:0, instance:com.CRM.Testcases.LoginPageTestcases@37ceb1df]" started-at="2025-04-04T04:07:50 IST" name="validateLogin" finished-at="2025-04-04T04:07:51 IST" duration-ms="583" status="PASS">
          <reporter-output>
          </reporter-output>
        </test-method> <!-- validateLogin -->
      </class> <!-- com.CRM.Testcases.LoginPageTestcases -->
    </test> <!-- Default test -->
  </suite> <!-- Default suite -->
</testng-results>
